<?xml version="1.0" encoding="UTF-8"?>
<!-- Generated by org.testng.reporters.JUnitReportReporter -->
<testsuite hostname="admin-PC" name="com.org.pages.Login" tests="1" failures="0" timestamp="24 Aug 2016 16:11:26 GMT" time="52.042" errors="0">
  <testcase name="testEasy" time="52.042" classname="com.org.pages.Login"/>
</testsuite> <!-- com.org.pages.Login -->
