<?xml version="1.0" encoding="UTF-8"?>
<!-- Generated by org.testng.reporters.JUnitReportReporter -->
<testsuite hostname="admin-PC" name="com.org.pages.Login" tests="1" failures="0" timestamp="24 Aug 2016 14:03:31 GMT" time="34.467" errors="0">
  <testcase name="testEasy" time="34.467" classname="com.org.pages.Login"/>
</testsuite> <!-- com.org.pages.Login -->
