<?xml version="1.0" encoding="UTF-8"?>
<!-- Generated by org.testng.reporters.JUnitReportReporter -->
<testsuite hostname="admin-PC" name="com.org.pages.Login" tests="1" failures="0" timestamp="24 Aug 2016 13:29:38 GMT" time="29.223" errors="0">
  <testcase name="testEasy" time="29.223" classname="com.org.pages.Login"/>
</testsuite> <!-- com.org.pages.Login -->
