<?xml version="1.0" encoding="UTF-8"?>
<testsuite name="TestSuite" time="52.042" tests="1" errors="0" skipped="0" failures="0">
  <properties>
    <property name="pyth" value="D:\Selenium\workspace\C:\Python27\Scripts"/>
    <property name="PROCESSOR_ARCHITECTURE" value="x86"/>
    <property name="file.encoding.pkg" value="sun.io"/>
    <property name="LOGONSERVER" value="\\ADMIN-PC"/>
    <property name="ProgramData" value="C:\ProgramData"/>
    <property name="java.home" value="C:\Program Files\Java\jdk1.8.0_31\jre"/>
    <property name="NODE_NAME" value="master"/>
    <property name="JENKINS_URL" value="http://admin-PC:8080/"/>
    <property name="ALLUSERSPROFILE" value="C:\ProgramData"/>
    <property name="java.endorsed.dirs" value="C:\Program Files\Java\jdk1.8.0_31\jre\lib\endorsed"/>
    <property name="PSModulePath" value="C:\Windows\system32\WindowsPowerShell\v1.0\Modules\"/>
    <property name="=::" value="::\"/>
    <property name="USERDOMAIN" value="admin-PC"/>
    <property name="sun.os.patch.level" value="Service Pack 1"/>
    <property name="java.vendor.url" value="http://java.oracle.com/"/>
    <property name="java.version" value="1.8.0_31"/>
    <property name="JOB_NAME" value="MyMavenGitSeleniumJenkins"/>
    <property name="COMPUTERNAME" value="ADMIN-PC"/>
    <property name="java.vendor.url.bug" value="http://bugreport.sun.com/bugreport/"/>
    <property name="PUBLIC" value="C:\Users\Public"/>
    <property name="ANDRIOD_HOME" value="D:\Notes\Mobile Testing\adt-bundle-windows-x86-20140702\adt-bundle-windows-x86-20140702\sdk"/>
    <property name="user.name" value="admin"/>
    <property name="sun.io.unicode.encoding" value="UnicodeLittle"/>
    <property name="sun.jnu.encoding" value="Cp1252"/>
    <property name="java.runtime.name" value="Java(TM) SE Runtime Environment"/>
    <property name="windir" value="C:\Windows"/>
    <property name="PROCESSOR_IDENTIFIER" value="x86 Family 6 Model 42 Stepping 7, GenuineIntel"/>
    <property name="java.specification.name" value="Java Platform API Specification"/>
    <property name="LOCALAPPDATA" value="C:\Users\admin\AppData\Local"/>
    <property name="user.timezone" value="Asia/Calcutta"/>
    <property name="user.script" value=""/>
    <property name="path.separator" value=";"/>
    <property name="NUMBER_OF_PROCESSORS" value="4"/>
    <property name="BUILD_TAG" value="jenkins-MyMavenGitSeleniumJenkins-25"/>
    <property name="PYTHONPATH" value="C:\Python27\Scripts"/>
    <property name="file.encoding" value="Cp1252"/>
    <property name="VS140COMNTOOLS" value="C:\Program Files\Microsoft Visual Studio 14.0\Common7\Tools\"/>
    <property name="sun.java.command" value="jenkins.maven3.agent.Maven32Main D:\Selenium\apache-maven-3.3.3-bin C:\Users\admin\.jenkins\war\WEB-INF\lib\remoting-2.52.jar C:\Users\admin\.jenkins\plugins\maven-plugin\WEB-INF\lib\maven32-interceptor-1.7.jar C:\Users\admin\.jenkins\plugins\maven-plugin\WEB-INF\lib\maven3-interceptor-commons-1.7.jar 57010"/>
    <property name="HUDSON_URL" value="http://admin-PC:8080/"/>
    <property name="JENKINS_SERVER_COOKIE" value="ac8ef4d8577b5bea"/>
    <property name="=D:" value="D:\Selenium_Jenkins\Jenkin"/>
    <property name="EXECUTOR_NUMBER" value="1"/>
    <property name="Path" value="C:\Program Files\Java\jdk1.8.0_31/bin;C:\ProgramData\Oracle\Java\javapath;C:\oraclexe\app\oracle\product\11.2.0\server\bin;D:\oracle\product\10.2.0\db_1\bin;C:\Windows\system32;C:\Windows;C:\Windows\System32\Wbem;C:\Windows\System32\WindowsPowerShell\v1.0\;C:\Python27;C:\Python27\Scripts;C:\Program Files\WinAnt\bin;C:\Program Files\Java\jdk1.7.0\bin;C:\Program Files\ant\bin;C:\Program Files\Microsoft SQL Server\90\Tools\binn\;D:\Selenium\Wget;D:\Selenium\apache-maven-3.2.1\bin;C:\Program Files\Groovy\Groovy-2.3.6\bin;C:\Program Files\Java\apache-ant-1.9.4\bin;D:\Selenium\apache-maven-3.2.1;C:\Users\admin\AppData\Local\Android\sdk1\tools;C:\Users\admin\AppData\Local\Android\sdk1\platform-tools;C:\Program Files\Oracle\VirtualBox;C:\Program Files\NVIDIA Corporation\PhysX\Common;C:\Program Files\Python 3;C:\Program Files\Python 3\Scripts;D:\Selenium\apache-maven-3.3.3-bin\bin;C:\Program Files\Git\cmd;C:\Program Files\Git\mingw32\bin;C:\Program Files\Git\usr\bin;C:\Program Files\Skype\Phone\;D:\Notes\Mobile Testing\adt-bundle-windows-x86-20140702\adt-bundle-windows-x86-20140702\sdk\platform-tools;D:\Notes\Mobile Testing\adt-bundle-windows-x86-20140702\adt-bundle-windows-x86-20140702\sdk\tools;C:\Program Files\OpenVPN\bin;C:\Program Files\Python 3\Scripts\;C:\Program Files\Python 3\;D:\Selenium\apache-maven-3.2.1\bin;C:\Program Files\Java\apache-ant-1.9.4\bin;C:\Users\admin\AppData\Local\Android\sdk1\tools;C:\Users\admin\AppData\Local\Android\sdk1\platform-tools;C:\Program Files\Oracle\VirtualBox;D:\Selenium\apache-maven-3.3.3-bin\bin\"/>
    <property name="GIT_COMMIT" value="5bda439508f9c35a081b84e287f9925af22a13d8"/>
    <property name="GROOVY_HOME" value="C:\Program Files\Groovy\Groovy-2.3.6"/>
    <property name="java.io.tmpdir" value="C:\Users\admin\AppData\Local\Temp\"/>
    <property name="APPDATA" value="C:\Users\admin\AppData\Roaming"/>
    <property name="user.language" value="en"/>
    <property name="line.separator" value="&#10;"/>
    <property name="BUILD_URL" value="http://admin-PC:8080/job/MyMavenGitSeleniumJenkins/25/"/>
    <property name="M2_HOME" value="D:\Selenium\apache-maven-3.3.3-bin"/>
    <property name="=C:" value="C:\Users\admin\Desktop"/>
    <property name="java.vm.info" value="mixed mode"/>
    <property name="sun.desktop" value="windows"/>
    <property name="java.vm.specification.name" value="Java Virtual Machine Specification"/>
    <property name="BUILD_DISPLAY_NAME" value="#25"/>
    <property name="Python" value="C:\Python27\;C:\Python27\Scripts"/>
    <property name="OS" value="Windows_NT"/>
    <property name="LSERVRC" value="C:\Program Files\Common Files\Mercury Interactive\License Manager\lservrc"/>
    <property name="guice.disable.misplaced.annotation.check" value="true"/>
    <property name="HUDSON_SERVER_COOKIE" value="ac8ef4d8577b5bea"/>
    <property name="MAVEN_HOME" value="D:\Selenium\apache-maven-3.3.3-bin"/>
    <property name="SESSIONNAME" value="Console"/>
    <property name="PATHEXT" value=".COM;.EXE;.BAT;.CMD;.VBS;.VBE;.JS;.JSE;.WSF;.WSH;.MSC;.groovy;.gy;.tcl"/>
    <property name="java.awt.printerjob" value="sun.awt.windows.WPrinterJob"/>
    <property name="maven3.interceptor.common" value="C:\Users\admin\.jenkins\plugins\maven-plugin\WEB-INF\lib\maven3-interceptor-commons-1.7.jar"/>
    <property name="CLASSPATH" value=""/>
    <property name="HOMEPATH" value="\Users\admin"/>
    <property name="JRE" value="C:\Program Files\Java\jre1.8.0_31\bin;C:\Users\admin\AppData\Local\Android\sdk1\tools;C:\Users\admin\AppData\Local\Android\sdk1\platform-tools"/>
    <property name="os.name" value="Windows 7"/>
    <property name="java.specification.vendor" value="Oracle Corporation"/>
    <property name="FP_NO_HOST_CHECK" value="NO"/>
    <property name="java.vm.name" value="Java HotSpot(TM) Client VM"/>
    <property name="BUILD_NUMBER" value="25"/>
    <property name="maven3.interceptor" value="C:\Users\admin\.jenkins\plugins\maven-plugin\WEB-INF\lib\maven32-interceptor-1.7.jar"/>
    <property name="java.library.path" value="C:\Program Files\Java\jdk1.8.0_31\bin;C:\Windows\Sun\Java\bin;C:\Windows\system32;C:\Windows;D:\Selenium\apache-maven-3.3.3-bin/bin;C:\Program Files\Java\jdk1.8.0_31/bin;C:\Program Files\Java\jdk1.8.0_31/bin;C:\ProgramData\Oracle\Java\javapath;C:\oraclexe\app\oracle\product\11.2.0\server\bin;D:\oracle\product\10.2.0\db_1\bin;C:\Windows\system32;C:\Windows;C:\Windows\System32\Wbem;C:\Windows\System32\WindowsPowerShell\v1.0\;C:\Python27;C:\Python27\Scripts;C:\Program Files\WinAnt\bin;C:\Program Files\Java\jdk1.7.0\bin;C:\Program Files\ant\bin;C:\Program Files\Microsoft SQL Server\90\Tools\binn\;D:\Selenium\Wget;D:\Selenium\apache-maven-3.2.1\bin;C:\Program Files\Groovy\Groovy-2.3.6\bin;C:\Program Files\Java\apache-ant-1.9.4\bin;D:\Selenium\apache-maven-3.2.1;C:\Users\admin\AppData\Local\Android\sdk1\tools;C:\Users\admin\AppData\Local\Android\sdk1\platform-tools;C:\Program Files\Oracle\VirtualBox;C:\Program Files\NVIDIA Corporation\PhysX\Common;C:\Program Files\Python 3;C:\Program Files\Python 3\Scripts;D:\Selenium\apache-maven-3.3.3-bin\bin;C:\Program Files\Git\cmd;C:\Program Files\Git\mingw32\bin;C:\Program Files\Git\usr\bin;C:\Program Files\Skype\Phone\;D:\Notes\Mobile Testing\adt-bundle-windows-x86-20140702\adt-bundle-windows-x86-20140702\sdk\platform-tools;D:\Notes\Mobile Testing\adt-bundle-windows-x86-20140702\adt-bundle-windows-x86-20140702\sdk\tools;C:\Program Files\OpenVPN\bin;C:\Program Files\Python 3\Scripts\;C:\Program Files\Python 3\;D:\Selenium\apache-maven-3.2.1\bin;C:\Program Files\Java\apache-ant-1.9.4\bin;C:\Users\admin\AppData\Local\Android\sdk1\tools;C:\Users\admin\AppData\Local\Android\sdk1\platform-tools;C:\Program Files\Oracle\VirtualBox;D:\Selenium\apache-maven-3.3.3-bin\bin\;."/>
    <property name="HOMEDRIVE" value="C:"/>
    <property name="POM_GROUPID" value="com.org.pages"/>
    <property name="POM_ARTIFACTID" value="MyProject"/>
    <property name="java.class.version" value="52.0"/>
    <property name="JOB_URL" value="http://admin-PC:8080/job/MyMavenGitSeleniumJenkins/"/>
    <property name="Python_Path" value="C:\Python27"/>
    <property name="GIT_PREVIOUS_COMMIT" value="5bda439508f9c35a081b84e287f9925af22a13d8"/>
    <property name="ANT_HOME" value="C:\Program Files\Java\apache-ant-1.9.4"/>
    <property name="GIT_BRANCH" value="origin/master"/>
    <property name="VBOX_MSI_INSTALL_PATH" value="C:\Program Files\Oracle\Virtualbox\"/>
    <property name="JDK" value="C:\Program Files\Java\jdk1.8.0_31"/>
    <property name="JENKINS_HOME" value="C:\Users\admin\.jenkins"/>
    <property name="BUILD_ID" value="25"/>
    <property name="TEMP" value="C:\Users\admin\AppData\Local\Temp"/>
    <property name="sun.boot.library.path" value="C:\Program Files\Java\jdk1.8.0_31\jre\bin"/>
    <property name="sun.management.compiler" value="HotSpot Client Compiler"/>
    <property name="java.awt.graphicsenv" value="sun.awt.Win32GraphicsEnvironment"/>
    <property name="user.variant" value=""/>
    <property name="PROCESSOR_REVISION" value="2a07"/>
    <property name="POM_VERSION" value="0.0.1-SNAPSHOT"/>
    <property name="HUDSON_HOME" value="C:\Users\admin\.jenkins"/>
    <property name="GIT_PREVIOUS_SUCCESSFUL_COMMIT" value="9a238ce2a704d394e75667091ba5e4cfd316a008"/>
    <property name="PATH+MAVEN" value="D:\Selenium\apache-maven-3.3.3-bin/bin"/>
    <property name="Python2" value="C:\Program Files\Python 3"/>
    <property name="PROMPT" value="$P$G"/>
    <property name="java.vm.specification.version" value="1.8"/>
    <property name="JAVA_HOME" value="C:\Program Files\Java\jdk1.8.0_31"/>
    <property name="awt.toolkit" value="sun.awt.windows.WToolkit"/>
    <property name="NODE_LABELS" value="master"/>
    <property name="sun.cpu.isalist" value="pentium_pro+mmx pentium_pro pentium+mmx pentium i486 i386 i86"/>
    <property name="USERPROFILE" value="C:\Users\admin"/>
    <property name="asl.log" value="Destination=file"/>
    <property name="java.ext.dirs" value="C:\Program Files\Java\jdk1.8.0_31\jre\lib\ext;C:\Windows\Sun\Java\lib\ext"/>
    <property name="os.version" value="6.1"/>
    <property name="user.home" value="C:\Users\admin"/>
    <property name="USERNAME" value="admin"/>
    <property name="VirtualBox" value="C:\Program Files\Oracle\VirtualBox"/>
    <property name="java.vm.vendor" value="Oracle Corporation"/>
    <property name="PROCESSOR_LEVEL" value="6"/>
    <property name="user.dir" value="D:\Selenium_Jenkins_Git\Old1\MyProject"/>
    <property name="TMP" value="C:\Users\admin\AppData\Local\Temp"/>
    <property name="sun.cpu.endian" value="little"/>
    <property name="JAVA" value="C:\Program Files\Java\jdk1.8.0_31"/>
    <property name="SystemDrive" value="C:"/>
    <property name="java.vm.version" value="25.31-b07"/>
    <property name="java.class.path" value="C:\Users\admin\.jenkins\plugins\maven-plugin\WEB-INF\lib\maven32-agent-1.7.jar;D:\Selenium\apache-maven-3.3.3-bin\boot\plexus-classworlds-2.5.2.jar;D:\Selenium\apache-maven-3.3.3-bin/conf/logging"/>
    <property name="org.slf4j.simpleLogger.defaultLogLevel" value="info"/>
    <property name="os.arch" value="x86"/>
    <property name="WORKSPACE" value="D:\Selenium_TestNG_RnD\Jenkins_Junit4"/>
    <property name="ComSpec" value="C:\Windows\system32\cmd.exe"/>
    <property name="ANT_HOME/bin" value="C:\Program Files\Java\apache-ant-1.9.4\bin"/>
    <property name="sun.java.launcher" value="SUN_STANDARD"/>
    <property name="SystemRoot" value="C:\Windows"/>
    <property name="CommonProgramFiles" value="C:\Program Files\Common Files"/>
    <property name="java.vm.specification.vendor" value="Oracle Corporation"/>
    <property name="file.separator" value="\"/>
    <property name="java.runtime.version" value="1.8.0_31-b13"/>
    <property name="ProgramFiles" value="C:\Program Files"/>
    <property name="sun.boot.class.path" value="C:\Program Files\Java\jdk1.8.0_31\jre\lib\resources.jar;C:\Program Files\Java\jdk1.8.0_31\jre\lib\rt.jar;C:\Program Files\Java\jdk1.8.0_31\jre\lib\sunrsasign.jar;C:\Program Files\Java\jdk1.8.0_31\jre\lib\jsse.jar;C:\Program Files\Java\jdk1.8.0_31\jre\lib\jce.jar;C:\Program Files\Java\jdk1.8.0_31\jre\lib\charsets.jar;C:\Program Files\Java\jdk1.8.0_31\jre\lib\jfr.jar;C:\Program Files\Java\jdk1.8.0_31\jre\classes"/>
    <property name="PATH+JDK" value="C:\Program Files\Java\jdk1.8.0_31/bin"/>
    <property name="user.country" value="US"/>
    <property name="PERL5LIB" value="D:\oracle\product\10.2.0\db_1\perl\5.8.3\lib\MSWin32-x86;D:\oracle\product\10.2.0\db_1\perl\5.8.3\lib;D:\oracle\product\10.2.0\db_1\perl\5.8.3\lib\MSWin32-x86;D:\oracle\product\10.2.0\db_1\perl\site\5.8.3;D:\oracle\product\10.2.0\db_1\perl\site\5.8.3\lib;D:\oracle\product\10.2.0\db_1\sysman\admin\scripts;D:\oracle\product\10.2.0\db_1\perl\lib\5.8.3\MSWin32-x86;D:\oracle\product\10.2.0\db_1\perl\lib\5.8.3;D:\oracle\product\10.2.0\db_1\perl\5.8.3\lib\MSWin32-x86-multi-thread;D:\oracle\product\10.2.0\db_1\perl\site\5.8.3;D:\oracle\product\10.2.0\db_1\perl\site\5.8.3\lib;D:\oracle\product\10.2.0\db_1\sysman\admin\scripts"/>
    <property name="POM_PACKAGING" value="jar"/>
    <property name="maven.home" value="D:\Selenium\apache-maven-3.3.3-bin"/>
    <property name="java.vendor" value="Oracle Corporation"/>
    <property name="java.specification.version" value="1.8"/>
    <property name="POM_DISPLAYNAME" value="MyProject"/>
    <property name="sun.arch.data.model" value="32"/>
    <property name="GIT_URL" value="https://github.com/SachinM555/Testing.git"/>
  </properties>
  <testcase name="testEasy" classname="com.org.pages.Login" time="52.042"/>
</testsuite>